<?xml version="1.0" encoding="UTF-8"?>
<testng-results total="1" passed="1" failed="0" skipped="0">
  <reporter-output>
  </reporter-output>
  <suite started-at="2023-07-21T06:08:33Z" name="Default suite" finished-at="2023-07-21T06:08:39Z" duration-ms="6596">
    <groups>
    </groups>
    <test started-at="2023-07-21T06:08:33Z" name="Default test" finished-at="2023-07-21T06:08:39Z" duration-ms="6596">
      <class name="seleniumModule3.Assignment1">
        <test-method is-config="true" signature="launchbrowser()[pri:0, instance:seleniumModule3.Assignment1@132e0cc]" started-at="2023-07-21T11:38:33Z" name="launchbrowser" finished-at="2023-07-21T11:38:38Z" duration-ms="5010" status="PASS">
          <reporter-output>
          </reporter-output>
        </test-method> <!-- launchbrowser -->
        <test-method signature="enterusernamepassword()[pri:0, instance:seleniumModule3.Assignment1@132e0cc]" started-at="2023-07-21T11:38:38Z" name="enterusernamepassword" finished-at="2023-07-21T11:38:39Z" duration-ms="1441" status="PASS">
          <reporter-output>
          </reporter-output>
        </test-method> <!-- enterusernamepassword -->
        <test-method is-config="true" signature="terminatebrowser()[pri:0, instance:seleniumModule3.Assignment1@132e0cc]" started-at="2023-07-21T11:38:39Z" name="terminatebrowser" finished-at="2023-07-21T11:38:39Z" duration-ms="136" status="PASS">
          <reporter-output>
          </reporter-output>
        </test-method> <!-- terminatebrowser -->
      </class> <!-- seleniumModule3.Assignment1 -->
    </test> <!-- Default test -->
  </suite> <!-- Default suite -->
</testng-results>
